Using pre-set license
Built from '2020.3/staging' branch; Version is '2020.3.18f1 (a7d1c678663c) revision 10998214'; Using compiler version '192528614'; Build Type 'Release'
OS: 'Windows 10 Home; OS build 22000.318; Version 2009; 64bit' Language: 'fr' Physical Memory: 15789 MB
BatchMode: 1, IsHumanControllingUs: 0, StartBugReporterOnCrash: 0, Is64bit: 1, IsPro: 0

COMMAND LINE ARGUMENTS:
C:\Program Files\UnityVer\2020.3.18f1\Editor\Unity.exe
-adb2
-batchMode
-noUpm
-name
AssetImportWorker0
-projectPath
D:/projects/repoGithub/T.D.S_Engine/T.D.S Engine
-logFile
Logs/AssetImportWorker0.log
-srvPort
51824
Successfully changed project path to: D:/projects/repoGithub/T.D.S_Engine/T.D.S Engine
D:/projects/repoGithub/T.D.S_Engine/T.D.S Engine
Using Asset Import Pipeline V2.
Refreshing native plugins compatible for Editor in 40.00 ms, found 2 plugins.
Preloading 0 native plugins for Editor in 0.00 ms.
Initialize engine version: 2020.3.18f1 (a7d1c678663c)
[Subsystems] Discovering subsystems at path C:/Program Files/UnityVer/2020.3.18f1/Editor/Data/Resources/UnitySubsystems
[Subsystems] Discovering subsystems at path D:/projects/repoGithub/T.D.S_Engine/T.D.S Engine/Assets
GfxDevice: creating device client; threaded=0
Direct3D:
    Version:  Direct3D 11.0 [level 11.1]
    Renderer: NVIDIA GeForce GTX 1660 Ti (ID=0x2191)
    Vendor:   
    VRAM:     5991 MB
    Driver:   30.0.14.7212
Initialize mono
Mono path[0] = 'C:/Program Files/UnityVer/2020.3.18f1/Editor/Data/Managed'
Mono path[1] = 'C:/Program Files/UnityVer/2020.3.18f1/Editor/Data/MonoBleedingEdge/lib/mono/unityjit'
Mono config path = 'C:/Program Files/UnityVer/2020.3.18f1/Editor/Data/MonoBleedingEdge/etc'
Using monoOptions --debugger-agent=transport=dt_socket,embedding=1,server=y,suspend=n,address=127.0.0.1:56100
Begin MonoManager ReloadAssembly
Registering precompiled unity dll's ...
Register platform support module: C:/Program Files/UnityVer/2020.3.18f1/Editor/Data/PlaybackEngines/WindowsStandaloneSupport/UnityEditor.WindowsStandalone.Extensions.dll
Registered in 0.001180 seconds.
Native extension for WindowsStandalone target not found
Refreshing native plugins compatible for Editor in 28.21 ms, found 2 plugins.
Preloading 0 native plugins for Editor in 0.00 ms.
Mono: successfully reloaded assembly
- Completed reload, in  1.007 seconds
Domain Reload Profiling:
	ReloadAssembly (1007ms)
		BeginReloadAssembly (44ms)
			ExecutionOrderSort (0ms)
			DisableScriptedObjects (0ms)
			BackupInstance (0ms)
			ReleaseScriptingObjects (0ms)
			CreateAndSetChildDomain (1ms)
		EndReloadAssembly (408ms)
			LoadAssemblies (41ms)
			RebuildTransferFunctionScriptingTraits (0ms)
			SetupTypeCache (146ms)
			ReleaseScriptCaches (0ms)
			RebuildScriptCaches (29ms)
			SetupLoadedEditorAssemblies (158ms)
				LogAssemblyErrors (0ms)
				InitializePlatformSupportModulesInManaged (3ms)
				SetLoadedEditorAssemblies (0ms)
				RefreshPlugins (28ms)
				BeforeProcessingInitializeOnLoad (11ms)
				ProcessInitializeOnLoadAttributes (84ms)
				ProcessInitializeOnLoadMethodAttributes (31ms)
				AfterProcessingInitializeOnLoad (0ms)
				EditorAssembliesLoaded (0ms)
			ExecutionOrderSort2 (0ms)
			AwakeInstancesAfterBackupRestoration (0ms)
Platform modules already initialized, skipping
Registering precompiled user dll's ...
Registered in 0.003859 seconds.
Begin MonoManager ReloadAssembly
Native extension for WindowsStandalone target not found
Refreshing native plugins compatible for Editor in 0.32 ms, found 2 plugins.
Preloading 0 native plugins for Editor in 0.00 ms.
Mono: successfully reloaded assembly
- Completed reload, in  0.961 seconds
Domain Reload Profiling:
	ReloadAssembly (962ms)
		BeginReloadAssembly (126ms)
			ExecutionOrderSort (0ms)
			DisableScriptedObjects (4ms)
			BackupInstance (0ms)
			ReleaseScriptingObjects (0ms)
			CreateAndSetChildDomain (19ms)
		EndReloadAssembly (772ms)
			LoadAssemblies (80ms)
			RebuildTransferFunctionScriptingTraits (0ms)
			SetupTypeCache (245ms)
			ReleaseScriptCaches (0ms)
			RebuildScriptCaches (37ms)
			SetupLoadedEditorAssemblies (316ms)
				LogAssemblyErrors (0ms)
				InitializePlatformSupportModulesInManaged (4ms)
				SetLoadedEditorAssemblies (0ms)
				RefreshPlugins (0ms)
				BeforeProcessingInitializeOnLoad (116ms)
				ProcessInitializeOnLoadAttributes (180ms)
				ProcessInitializeOnLoadMethodAttributes (9ms)
				AfterProcessingInitializeOnLoad (6ms)
				EditorAssembliesLoaded (0ms)
			ExecutionOrderSort2 (0ms)
			AwakeInstancesAfterBackupRestoration (6ms)
Platform modules already initialized, skipping
========================================================================
Worker process is ready to serve import requests
Launched and connected shader compiler UnityShaderCompiler.exe after 0.04 seconds
Refreshing native plugins compatible for Editor in 0.30 ms, found 2 plugins.
Preloading 0 native plugins for Editor in 0.00 ms.
Unloading 1405 Unused Serialized files (Serialized files now loaded: 0)
System memory in use before: 65.0 MB.
System memory in use after: 65.1 MB.

Unloading 16 unused Assets to reduce memory usage. Loaded Objects now: 1840.
Total: 3.497700 ms (FindLiveObjects: 0.191700 ms CreateObjectMapping: 0.061200 ms MarkObjects: 3.172500 ms  DeleteObjects: 0.071000 ms)

AssetImportParameters requested are different than current active one (requested -> active):
  custom:framework-win-MediaFoundation: 216162199b28c13a410421893ffa2e32 -> 
  custom:video-decoder-ogg-theora: a1e56fd34408186e4bbccfd4996cb3dc -> 
  custom:container-muxer-webm: aa71ff27fc2769a1b78a27578f13a17b -> 
  custom:container-demuxer-webm: 4f35f7cbe854078d1ac9338744f61a02 -> 
  custom:container-demuxer-ogg: 62fdf1f143b41e24485cea50d1cbac27 -> 
  custom:video-encoder-webm-vp8: eb34c28f22e8b96e1ab97ce403110664 -> 
  custom:video-codec-MediaFoundation-h265: 746d11721c4dcdbdad8f713fa42b33f4 -> 
  custom:video-decoder-webm-vp8: 9c59270c3fd7afecdb556c50c9e8de78 -> 
  custom:audio-decoder-ogg-vorbis: bf7c407c2cedff20999df2af8eb42d56 -> 
  custom:audio-encoder-webm-vorbis: bf7c407c2cedff20999df2af8eb42d56 -> 
========================================================================
Received Import Request.
  path: Assets/Script/Entities
  artifactKey: Guid(2c9cde4aca1627f4385c39bbc356f70d) Importer(815301076,1909f56bfc062723c751e8b465ee728b)
Start importing Assets/Script/Entities using Guid(2c9cde4aca1627f4385c39bbc356f70d) Importer(815301076,1909f56bfc062723c751e8b465ee728b)  -> (artifact id: '47dbfa2529f7a1d0122ae7be2da7a45a') in 0.011101 seconds 
  Import took 0.019749 seconds .

========================================================================
Received Import Request.
  Time since last request: 10.187327 seconds.
  path: Assets/Script/Interfaces
  artifactKey: Guid(2f629a81c316a2e4fb12da41aa15fb76) Importer(815301076,1909f56bfc062723c751e8b465ee728b)
Start importing Assets/Script/Interfaces using Guid(2f629a81c316a2e4fb12da41aa15fb76) Importer(815301076,1909f56bfc062723c751e8b465ee728b)  -> (artifact id: '3128d2540d672cd3f78a4a280787a6e9') in 0.010160 seconds 
  Import took 0.019179 seconds .

========================================================================
Received Import Request.
  Time since last request: 8.108549 seconds.
  path: Assets/prefab
  artifactKey: Guid(b2199b0972c6b7442919c148bd84f91c) Importer(815301076,1909f56bfc062723c751e8b465ee728b)
Start importing Assets/prefab using Guid(b2199b0972c6b7442919c148bd84f91c) Importer(815301076,1909f56bfc062723c751e8b465ee728b)  -> (artifact id: 'a88f85d234ebdfc5310869446cdc2f56') in 0.014025 seconds 
  Import took 0.016584 seconds .

========================================================================
Received Import Request.
  Time since last request: 250.971470 seconds.
  path: Assets/prefab/UImanagerPrefab.prefab
  artifactKey: Guid(e76e32e4104fbdc4bba537aeb1545f09) Importer(815301076,1909f56bfc062723c751e8b465ee728b)
Start importing Assets/prefab/UImanagerPrefab.prefab using Guid(e76e32e4104fbdc4bba537aeb1545f09) Importer(815301076,1909f56bfc062723c751e8b465ee728b)  -> (artifact id: 'ed2e7fb83e46a3840a66e35b53e0ed0b') in 0.088259 seconds 
  Import took 0.091688 seconds .

========================================================================
Received Import Request.
  Time since last request: 2.803586 seconds.
  path: Assets/prefab/ChoixPrefab.prefab
  artifactKey: Guid(65edb0eb54e5595468c20fb7279936c9) Importer(815301076,1909f56bfc062723c751e8b465ee728b)
Start importing Assets/prefab/ChoixPrefab.prefab using Guid(65edb0eb54e5595468c20fb7279936c9) Importer(815301076,1909f56bfc062723c751e8b465ee728b)  -> (artifact id: 'c7a6ce47c16753fd90ad846a4065deb5') in 0.013952 seconds 
  Import took 0.017276 seconds .

========================================================================
Received Prepare
Registering precompiled user dll's ...
Registered in 0.003795 seconds.
Begin MonoManager ReloadAssembly
Native extension for WindowsStandalone target not found
Refreshing native plugins compatible for Editor in 0.32 ms, found 2 plugins.
Preloading 0 native plugins for Editor in 0.00 ms.
Mono: successfully reloaded assembly
- Completed reload, in  0.952 seconds
Domain Reload Profiling:
	ReloadAssembly (953ms)
		BeginReloadAssembly (140ms)
			ExecutionOrderSort (0ms)
			DisableScriptedObjects (6ms)
			BackupInstance (0ms)
			ReleaseScriptingObjects (0ms)
			CreateAndSetChildDomain (32ms)
		EndReloadAssembly (750ms)
			LoadAssemblies (84ms)
			RebuildTransferFunctionScriptingTraits (0ms)
			SetupTypeCache (244ms)
			ReleaseScriptCaches (1ms)
			RebuildScriptCaches (40ms)
			SetupLoadedEditorAssemblies (283ms)
				LogAssemblyErrors (0ms)
				InitializePlatformSupportModulesInManaged (4ms)
				SetLoadedEditorAssemblies (0ms)
				RefreshPlugins (0ms)
				BeforeProcessingInitializeOnLoad (100ms)
				ProcessInitializeOnLoadAttributes (171ms)
				ProcessInitializeOnLoadMethodAttributes (4ms)
				AfterProcessingInitializeOnLoad (4ms)
				EditorAssembliesLoaded (0ms)
			ExecutionOrderSort2 (0ms)
			AwakeInstancesAfterBackupRestoration (6ms)
Platform modules already initialized, skipping
Refreshing native plugins compatible for Editor in 0.35 ms, found 2 plugins.
Preloading 0 native plugins for Editor in 0.00 ms.
Unloading 1446 Unused Serialized files (Serialized files now loaded: 0)
System memory in use before: 67.9 MB.
System memory in use after: 67.4 MB.

Unloading 25 unused Assets to reduce memory usage. Loaded Objects now: 1876.
Total: 3.138500 ms (FindLiveObjects: 0.175000 ms CreateObjectMapping: 0.036300 ms MarkObjects: 2.629500 ms  DeleteObjects: 0.295900 ms)

AssetImportParameters requested are different than current active one (requested -> active):
  custom:framework-win-MediaFoundation: 216162199b28c13a410421893ffa2e32 -> 
  custom:video-decoder-ogg-theora: a1e56fd34408186e4bbccfd4996cb3dc -> 
  custom:container-muxer-webm: aa71ff27fc2769a1b78a27578f13a17b -> 
  custom:container-demuxer-webm: 4f35f7cbe854078d1ac9338744f61a02 -> 
  custom:container-demuxer-ogg: 62fdf1f143b41e24485cea50d1cbac27 -> 
  custom:video-encoder-webm-vp8: eb34c28f22e8b96e1ab97ce403110664 -> 
  custom:video-codec-MediaFoundation-h265: 746d11721c4dcdbdad8f713fa42b33f4 -> 
  custom:video-decoder-webm-vp8: 9c59270c3fd7afecdb556c50c9e8de78 -> 
  custom:audio-decoder-ogg-vorbis: bf7c407c2cedff20999df2af8eb42d56 -> 
  custom:audio-encoder-webm-vorbis: bf7c407c2cedff20999df2af8eb42d56 -> 
========================================================================
Received Import Request.
  Time since last request: 398.989188 seconds.
  path: Assets/Script/UIManager.cs
  artifactKey: Guid(5e415e8e6f7845af9b14f008e6a5eaa5) Importer(815301076,1909f56bfc062723c751e8b465ee728b)
Start importing Assets/Script/UIManager.cs using Guid(5e415e8e6f7845af9b14f008e6a5eaa5) Importer(815301076,1909f56bfc062723c751e8b465ee728b)  -> (artifact id: '80454f5bc42301f9aae1d6edfe6d9c81') in 0.019023 seconds 
  Import took 0.021880 seconds .

========================================================================
Received Prepare
Registering precompiled user dll's ...
Registered in 0.004719 seconds.
Begin MonoManager ReloadAssembly
Native extension for WindowsStandalone target not found
Refreshing native plugins compatible for Editor in 0.32 ms, found 2 plugins.
Preloading 0 native plugins for Editor in 0.00 ms.
Mono: successfully reloaded assembly
- Completed reload, in  0.902 seconds
Domain Reload Profiling:
	ReloadAssembly (903ms)
		BeginReloadAssembly (92ms)
			ExecutionOrderSort (0ms)
			DisableScriptedObjects (4ms)
			BackupInstance (0ms)
			ReleaseScriptingObjects (0ms)
			CreateAndSetChildDomain (30ms)
		EndReloadAssembly (738ms)
			LoadAssemblies (79ms)
			RebuildTransferFunctionScriptingTraits (0ms)
			SetupTypeCache (239ms)
			ReleaseScriptCaches (1ms)
			RebuildScriptCaches (34ms)
			SetupLoadedEditorAssemblies (284ms)
				LogAssemblyErrors (0ms)
				InitializePlatformSupportModulesInManaged (5ms)
				SetLoadedEditorAssemblies (0ms)
				RefreshPlugins (0ms)
				BeforeProcessingInitializeOnLoad (108ms)
				ProcessInitializeOnLoadAttributes (162ms)
				ProcessInitializeOnLoadMethodAttributes (4ms)
				AfterProcessingInitializeOnLoad (4ms)
				EditorAssembliesLoaded (0ms)
			ExecutionOrderSort2 (0ms)
			AwakeInstancesAfterBackupRestoration (6ms)
Platform modules already initialized, skipping
Refreshing native plugins compatible for Editor in 0.45 ms, found 2 plugins.
Preloading 0 native plugins for Editor in 0.00 ms.
Unloading 1446 Unused Serialized files (Serialized files now loaded: 0)
System memory in use before: 68.0 MB.
System memory in use after: 67.4 MB.

Unloading 24 unused Assets to reduce memory usage. Loaded Objects now: 1878.
Total: 5.827800 ms (FindLiveObjects: 0.481500 ms CreateObjectMapping: 0.073900 ms MarkObjects: 4.599100 ms  DeleteObjects: 0.669900 ms)

AssetImportParameters requested are different than current active one (requested -> active):
  custom:framework-win-MediaFoundation: 216162199b28c13a410421893ffa2e32 -> 
  custom:video-decoder-ogg-theora: a1e56fd34408186e4bbccfd4996cb3dc -> 
  custom:container-muxer-webm: aa71ff27fc2769a1b78a27578f13a17b -> 
  custom:container-demuxer-webm: 4f35f7cbe854078d1ac9338744f61a02 -> 
  custom:container-demuxer-ogg: 62fdf1f143b41e24485cea50d1cbac27 -> 
  custom:video-encoder-webm-vp8: eb34c28f22e8b96e1ab97ce403110664 -> 
  custom:video-codec-MediaFoundation-h265: 746d11721c4dcdbdad8f713fa42b33f4 -> 
  custom:video-decoder-webm-vp8: 9c59270c3fd7afecdb556c50c9e8de78 -> 
  custom:audio-decoder-ogg-vorbis: bf7c407c2cedff20999df2af8eb42d56 -> 
  custom:audio-encoder-webm-vorbis: bf7c407c2cedff20999df2af8eb42d56 -> 
========================================================================
Received Import Request.
  Time since last request: 41.321012 seconds.
  path: Assets/Asset
  artifactKey: Guid(475dabf8623edac44a4373d11e65cb80) Importer(815301076,1909f56bfc062723c751e8b465ee728b)
Start importing Assets/Asset using Guid(475dabf8623edac44a4373d11e65cb80) Importer(815301076,1909f56bfc062723c751e8b465ee728b)  -> (artifact id: '492401a09e19c1c1a90625732f201db4') in 0.012531 seconds 
  Import took 0.015216 seconds .

========================================================================
Received Import Request.
  Time since last request: 249.389438 seconds.
  path: Assets/prefab/UImanagerPrefab.prefab
  artifactKey: Guid(e76e32e4104fbdc4bba537aeb1545f09) Importer(815301076,1909f56bfc062723c751e8b465ee728b)
Start importing Assets/prefab/UImanagerPrefab.prefab using Guid(e76e32e4104fbdc4bba537aeb1545f09) Importer(815301076,1909f56bfc062723c751e8b465ee728b)  -> (artifact id: 'b4f1590827192d9de54155210ab42bbd') in 0.091114 seconds 
  Import took 0.094424 seconds .

========================================================================
Received Import Request.
  Time since last request: 0.788935 seconds.
  path: Assets/prefab/UiElement
  artifactKey: Guid(281622ede0504964e90c508076bfea31) Importer(815301076,1909f56bfc062723c751e8b465ee728b)
Start importing Assets/prefab/UiElement using Guid(281622ede0504964e90c508076bfea31) Importer(815301076,1909f56bfc062723c751e8b465ee728b)  -> (artifact id: '94b65dda74197de3ba56ee33f5924e21') in 0.009950 seconds 
  Import took 0.012006 seconds .

========================================================================
Received Import Request.
  Time since last request: 0.059732 seconds.
  path: Assets/prefab/UiElement/choice.png
  artifactKey: Guid(5fd894a7a87c97e46aa401b63df38216) Importer(815301076,1909f56bfc062723c751e8b465ee728b)
Start importing Assets/prefab/UiElement/choice.png using Guid(5fd894a7a87c97e46aa401b63df38216) Importer(815301076,1909f56bfc062723c751e8b465ee728b)  -> (artifact id: '7155297d8bab5d6da188d2d93ecb47c9') in 0.087721 seconds 
  Import took 0.090743 seconds .

========================================================================
Received Import Request.
  Time since last request: 0.000587 seconds.
  path: Assets/prefab/UiElement/next.png
  artifactKey: Guid(446fbac9d775c964da148d061b45dca5) Importer(815301076,1909f56bfc062723c751e8b465ee728b)
Start importing Assets/prefab/UiElement/next.png using Guid(446fbac9d775c964da148d061b45dca5) Importer(815301076,1909f56bfc062723c751e8b465ee728b)  -> (artifact id: '56ce87c8bca51182ab33eb71af222665') in 0.026140 seconds 
  Import took 0.035113 seconds .

========================================================================
Received Import Request.
  Time since last request: 0.000344 seconds.
  path: Assets/prefab/UiElement/textbox.png
  artifactKey: Guid(67cef1f73ea884f4c9153dc131172515) Importer(815301076,1909f56bfc062723c751e8b465ee728b)
Start importing Assets/prefab/UiElement/textbox.png using Guid(67cef1f73ea884f4c9153dc131172515) Importer(815301076,1909f56bfc062723c751e8b465ee728b)  -> (artifact id: 'f5e6a2d230ec0acf5158e3c7bb0f2503') in 0.028277 seconds 
  Import took 0.030998 seconds .

========================================================================
Received Import Request.
  Time since last request: 0.000261 seconds.
  path: Assets/prefab/UiElement/selected.png
  artifactKey: Guid(26189e386e7e57c468480a5e5d0ed7ea) Importer(815301076,1909f56bfc062723c751e8b465ee728b)
Start importing Assets/prefab/UiElement/selected.png using Guid(26189e386e7e57c468480a5e5d0ed7ea) Importer(815301076,1909f56bfc062723c751e8b465ee728b)  -> (artifact id: '5cdbd1f9a92ca8fbe5e13a61427b1e11') in 0.023977 seconds 
  Import took 0.026051 seconds .

========================================================================
Received Import Request.
  Time since last request: 0.000230 seconds.
  path: Assets/prefab/UiElement/highlighted.png
  artifactKey: Guid(8fecba4d9e202094f8e094ab1970e4a8) Importer(815301076,1909f56bfc062723c751e8b465ee728b)
Start importing Assets/prefab/UiElement/highlighted.png using Guid(8fecba4d9e202094f8e094ab1970e4a8) Importer(815301076,1909f56bfc062723c751e8b465ee728b)  -> (artifact id: '3b936a8f5c4f0a42aa3d2c4090979bca') in 0.027031 seconds 
  Import took 0.029259 seconds .

========================================================================
Received Import Request.
  Time since last request: 2.957552 seconds.
  path: Assets/prefab/UiElement/V1
  artifactKey: Guid(b5eda6fe94e3e22419f5151cca4365d3) Importer(815301076,1909f56bfc062723c751e8b465ee728b)
Start importing Assets/prefab/UiElement/V1 using Guid(b5eda6fe94e3e22419f5151cca4365d3) Importer(815301076,1909f56bfc062723c751e8b465ee728b)  -> (artifact id: 'ddab856f5b334fce76f2159d86252200') in 0.009886 seconds 
  Import took 0.018722 seconds .

========================================================================
Received Import Request.
  Time since last request: 0.020874 seconds.
  path: Assets/prefab/UiElement/V1/blank_ui.png
  artifactKey: Guid(ad1315bccfe68ec48903e63661f71bbf) Importer(815301076,1909f56bfc062723c751e8b465ee728b)
Start importing Assets/prefab/UiElement/V1/blank_ui.png using Guid(ad1315bccfe68ec48903e63661f71bbf) Importer(815301076,1909f56bfc062723c751e8b465ee728b)  -> (artifact id: '81e3f8bc84a936d6b0eee7b63ff9b9d0') in 0.041632 seconds 
  Import took 0.044728 seconds .

========================================================================
Received Import Request.
  Time since last request: 0.000229 seconds.
  path: Assets/prefab/UiElement/V1/unselect_1.png
  artifactKey: Guid(71d0df4cdfeb83841bfbaff687fb41a1) Importer(815301076,1909f56bfc062723c751e8b465ee728b)
Start importing Assets/prefab/UiElement/V1/unselect_1.png using Guid(71d0df4cdfeb83841bfbaff687fb41a1) Importer(815301076,1909f56bfc062723c751e8b465ee728b)  -> (artifact id: '6ddfd7a26a33009c83eaa7ad8651abb0') in 0.028288 seconds 
  Import took 0.030256 seconds .

========================================================================
Received Import Request.
  Time since last request: 0.000306 seconds.
  path: Assets/prefab/UiElement/V1/image1.png
  artifactKey: Guid(cf13725a66ec69649a29c8f1fb635c48) Importer(815301076,1909f56bfc062723c751e8b465ee728b)
Start importing Assets/prefab/UiElement/V1/image1.png using Guid(cf13725a66ec69649a29c8f1fb635c48) Importer(815301076,1909f56bfc062723c751e8b465ee728b)  -> (artifact id: '383562359193278c8f9ba2b580b6e652') in 0.037824 seconds 
  Import took 0.040244 seconds .

========================================================================
Received Import Request.
  Time since last request: 0.000265 seconds.
  path: Assets/prefab/UiElement/V1/select_1.png
  artifactKey: Guid(6179040228bfafb45ab68ca7f1efadd1) Importer(815301076,1909f56bfc062723c751e8b465ee728b)
Start importing Assets/prefab/UiElement/V1/select_1.png using Guid(6179040228bfafb45ab68ca7f1efadd1) Importer(815301076,1909f56bfc062723c751e8b465ee728b)  -> (artifact id: 'f1eb1de37d1c1fdb97d50e58c50fbeab') in 0.031878 seconds 
  Import took 0.034398 seconds .

========================================================================
Received Import Request.
  Time since last request: 0.000432 seconds.
  path: Assets/prefab/UiElement/V1/continue.png
  artifactKey: Guid(77318a9fc8e0c894e95be6931261fd2b) Importer(815301076,1909f56bfc062723c751e8b465ee728b)
Start importing Assets/prefab/UiElement/V1/continue.png using Guid(77318a9fc8e0c894e95be6931261fd2b) Importer(815301076,1909f56bfc062723c751e8b465ee728b)  -> (artifact id: 'ebacea2484f5ae5b590b7ecbc62c6a85') in 0.031916 seconds 
  Import took 0.035153 seconds .

========================================================================
Received Import Request.
  Time since last request: 0.000229 seconds.
  path: Assets/prefab/UiElement/V1/ui_text_name.png
  artifactKey: Guid(0c4f30ca10c6ff94b88d14b0ade68e64) Importer(815301076,1909f56bfc062723c751e8b465ee728b)
Start importing Assets/prefab/UiElement/V1/ui_text_name.png using Guid(0c4f30ca10c6ff94b88d14b0ade68e64) Importer(815301076,1909f56bfc062723c751e8b465ee728b)  -> (artifact id: 'd909513693e996cca31e5a2471b8caac') in 0.020854 seconds 
  Import took 0.022948 seconds .

========================================================================
Received Import Request.
  Time since last request: 0.000230 seconds.
  path: Assets/prefab/UiElement/V1/unselect_2.png
  artifactKey: Guid(7918b52de79959b4697a60763190a4a3) Importer(815301076,1909f56bfc062723c751e8b465ee728b)
Start importing Assets/prefab/UiElement/V1/unselect_2.png using Guid(7918b52de79959b4697a60763190a4a3) Importer(815301076,1909f56bfc062723c751e8b465ee728b)  -> (artifact id: 'a9ff76d4f780602dbb072c8cdad0e0a4') in 0.025766 seconds 
  Import took 0.027777 seconds .

========================================================================
Received Import Request.
  Time since last request: 0.000273 seconds.
  path: Assets/prefab/UiElement/V1/select_2.png
  artifactKey: Guid(1529fa2d4c2f6124aa9b5b347c42f708) Importer(815301076,1909f56bfc062723c751e8b465ee728b)
Start importing Assets/prefab/UiElement/V1/select_2.png using Guid(1529fa2d4c2f6124aa9b5b347c42f708) Importer(815301076,1909f56bfc062723c751e8b465ee728b)  -> (artifact id: '528708f0e7d7c2ec99b746be8e81e090') in 0.022607 seconds 
  Import took 0.025143 seconds .

========================================================================
Received Import Request.
  Time since last request: 116.180515 seconds.
  path: Assets/prefab/UiElement/Font
  artifactKey: Guid(6c02a9876cdaa794195002f3f2b3f495) Importer(815301076,1909f56bfc062723c751e8b465ee728b)
Start importing Assets/prefab/UiElement/Font using Guid(6c02a9876cdaa794195002f3f2b3f495) Importer(815301076,1909f56bfc062723c751e8b465ee728b)  -> (artifact id: 'eb8f3047b841abf2875453067fb79885') in 0.015385 seconds 
  Import took 0.018866 seconds .

========================================================================
Received Import Request.
  Time since last request: 0.073841 seconds.
  path: Assets/prefab/UiElement/Font/09803_CourierNewFett SDF.asset
  artifactKey: Guid(1baf5d8051bdb604faf0b315517b8cf9) Importer(815301076,1909f56bfc062723c751e8b465ee728b)
Start importing Assets/prefab/UiElement/Font/09803_CourierNewFett SDF.asset using Guid(1baf5d8051bdb604faf0b315517b8cf9) Importer(815301076,1909f56bfc062723c751e8b465ee728b)  -> (artifact id: 'd192f86218b72290dd5bff4fbc385ba8') in 0.069545 seconds 
  Import took 0.072444 seconds .

========================================================================
Received Import Request.
  Time since last request: 0.000260 seconds.
  path: Assets/prefab/UiElement/Font/ltromatic SDF.asset
  artifactKey: Guid(9325bd52ee888cc4fa76f8ada5115e2d) Importer(815301076,1909f56bfc062723c751e8b465ee728b)
Start importing Assets/prefab/UiElement/Font/ltromatic SDF.asset using Guid(9325bd52ee888cc4fa76f8ada5115e2d) Importer(815301076,1909f56bfc062723c751e8b465ee728b)  -> (artifact id: '662781fc19e81e98dc420a8b6637b3ca') in 0.046944 seconds 
  Import took 0.049405 seconds .

========================================================================
Received Import Request.
  Time since last request: 0.000213 seconds.
  path: Assets/prefab/UiElement/Font/fondChari.jpg
  artifactKey: Guid(b7f67c81c2dbd51468870c349119bdde) Importer(815301076,1909f56bfc062723c751e8b465ee728b)
Start importing Assets/prefab/UiElement/Font/fondChari.jpg using Guid(b7f67c81c2dbd51468870c349119bdde) Importer(815301076,1909f56bfc062723c751e8b465ee728b)  -> (artifact id: 'c0d783c1020b191be5575f690fa28959') in 0.043692 seconds 
  Import took 0.046784 seconds .

========================================================================
Received Import Request.
  Time since last request: 0.000370 seconds.
  path: Assets/prefab/UiElement/Font/09803_CourierNewFett.ttf
  artifactKey: Guid(0d5116f240bc4474485467c741c7646f) Importer(815301076,1909f56bfc062723c751e8b465ee728b)
Start importing Assets/prefab/UiElement/Font/09803_CourierNewFett.ttf using Guid(0d5116f240bc4474485467c741c7646f) Importer(815301076,1909f56bfc062723c751e8b465ee728b)  -> (artifact id: 'd2a659e29b9ff5491bcd3f57b15d74f2') in 0.042963 seconds 
  Import took 0.045895 seconds .

========================================================================
Received Import Request.
  Time since last request: 0.000179 seconds.
  path: Assets/prefab/UiElement/Font/Pumpkin Jack SDF.asset
  artifactKey: Guid(0f242ad6976cbe64a87967b797a8d6b4) Importer(815301076,1909f56bfc062723c751e8b465ee728b)
Start importing Assets/prefab/UiElement/Font/Pumpkin Jack SDF.asset using Guid(0f242ad6976cbe64a87967b797a8d6b4) Importer(815301076,1909f56bfc062723c751e8b465ee728b)  -> (artifact id: 'fd565890a9c360fe461686e862c8c2bb') in 0.043167 seconds 
  Import took 0.045956 seconds .

========================================================================
Received Import Request.
  Time since last request: 0.000222 seconds.
  path: Assets/prefab/UiElement/Font/Pumpkin Jack.ttf
  artifactKey: Guid(2da46d3a341579844922852e6960812f) Importer(815301076,1909f56bfc062723c751e8b465ee728b)
Start importing Assets/prefab/UiElement/Font/Pumpkin Jack.ttf using Guid(2da46d3a341579844922852e6960812f) Importer(815301076,1909f56bfc062723c751e8b465ee728b)  -> (artifact id: '4f9d60f85980494b90a3ccfff86c4415') in 0.023421 seconds 
  Import took 0.026154 seconds .

========================================================================
Received Import Request.
  Time since last request: 96.237519 seconds.
  path: Assets/prefab/CharacterDescription
  artifactKey: Guid(1a04fe425ef86904c951b0b69e5975f7) Importer(815301076,1909f56bfc062723c751e8b465ee728b)
Start importing Assets/prefab/CharacterDescription using Guid(1a04fe425ef86904c951b0b69e5975f7) Importer(815301076,1909f56bfc062723c751e8b465ee728b)  -> (artifact id: '42c190cc9e479ed708b3e2bd0d364533') in 0.010316 seconds 
  Import took 0.013229 seconds .

========================================================================
Received Import Request.
  Time since last request: 0.061777 seconds.
  path: Assets/prefab/CharacterDescription/AlcabDes.png
  artifactKey: Guid(6fb82fb1124991541bde4a535c09b37e) Importer(815301076,1909f56bfc062723c751e8b465ee728b)
Start importing Assets/prefab/CharacterDescription/AlcabDes.png using Guid(6fb82fb1124991541bde4a535c09b37e) Importer(815301076,1909f56bfc062723c751e8b465ee728b)  -> (artifact id: 'c8bdfbe930645b75b1dd67af0e86c0b8') in 0.036379 seconds 
  Import took 0.039505 seconds .

========================================================================
Received Import Request.
  Time since last request: 0.000273 seconds.
  path: Assets/prefab/CharacterDescription/BonnibDes.png
  artifactKey: Guid(9b4590fc079366b4e8f8490eed8a5801) Importer(815301076,1909f56bfc062723c751e8b465ee728b)
Start importing Assets/prefab/CharacterDescription/BonnibDes.png using Guid(9b4590fc079366b4e8f8490eed8a5801) Importer(815301076,1909f56bfc062723c751e8b465ee728b)  -> (artifact id: '95f4e2222931b61ebe5085e187a40ba9') in 0.035028 seconds 
  Import took 0.043414 seconds .

========================================================================
Received Import Request.
  Time since last request: 0.000254 seconds.
  path: Assets/prefab/CharacterDescription/TibiaDes.png
  artifactKey: Guid(b57c3f2f9a4d6a44899f37e7d053df49) Importer(815301076,1909f56bfc062723c751e8b465ee728b)
Start importing Assets/prefab/CharacterDescription/TibiaDes.png using Guid(b57c3f2f9a4d6a44899f37e7d053df49) Importer(815301076,1909f56bfc062723c751e8b465ee728b)  -> (artifact id: 'd27b5669a8e4354cd2142b1a5246b154') in 0.040261 seconds 
  Import took 0.042264 seconds .

========================================================================
Received Import Request.
  Time since last request: 0.000319 seconds.
  path: Assets/prefab/CharacterDescription/MarrowDes.png
  artifactKey: Guid(0e6cb2ade30d91049961e3a766704de0) Importer(815301076,1909f56bfc062723c751e8b465ee728b)
Start importing Assets/prefab/CharacterDescription/MarrowDes.png using Guid(0e6cb2ade30d91049961e3a766704de0) Importer(815301076,1909f56bfc062723c751e8b465ee728b)  -> (artifact id: 'f1825be995fe838e07959cf06fb58cc7') in 0.032954 seconds 
  Import took 0.035059 seconds .

========================================================================
Received Import Request.
  Time since last request: 0.000266 seconds.
  path: Assets/prefab/CharacterDescription/MordeDes.png
  artifactKey: Guid(8a6c10caa3180fe4c8bdf16cc2fc67be) Importer(815301076,1909f56bfc062723c751e8b465ee728b)
Start importing Assets/prefab/CharacterDescription/MordeDes.png using Guid(8a6c10caa3180fe4c8bdf16cc2fc67be) Importer(815301076,1909f56bfc062723c751e8b465ee728b)  -> (artifact id: '2b449f5bcf3d06ba88cbb8b8117a50f1') in 0.030996 seconds 
  Import took 0.033487 seconds .

========================================================================
Received Import Request.
  Time since last request: 0.000329 seconds.
  path: Assets/prefab/CharacterDescription/BjornDes.png
  artifactKey: Guid(12dd63f1ff3921049aa646c2c235f458) Importer(815301076,1909f56bfc062723c751e8b465ee728b)
Start importing Assets/prefab/CharacterDescription/BjornDes.png using Guid(12dd63f1ff3921049aa646c2c235f458) Importer(815301076,1909f56bfc062723c751e8b465ee728b)  -> (artifact id: 'f43f72e3bc28e933c02ec9b5cc270180') in 0.031699 seconds 
  Import took 0.034591 seconds .

========================================================================
Received Import Request.
  Time since last request: 0.000347 seconds.
  path: Assets/prefab/CharacterDescription/ostraDes.png
  artifactKey: Guid(fc89336a09f7bb346a020434f0b074b7) Importer(815301076,1909f56bfc062723c751e8b465ee728b)
Start importing Assets/prefab/CharacterDescription/ostraDes.png using Guid(fc89336a09f7bb346a020434f0b074b7) Importer(815301076,1909f56bfc062723c751e8b465ee728b)  -> (artifact id: '8e34f2a48b31bed362e2d2b5309de0ab') in 0.042686 seconds 
  Import took 0.045534 seconds .

========================================================================
Received Import Request.
  Time since last request: 1.662147 seconds.
  path: Assets/prefab/CharacterSprite
  artifactKey: Guid(c603d9f4f1c019b48a31619ecdbcb09f) Importer(815301076,1909f56bfc062723c751e8b465ee728b)
Start importing Assets/prefab/CharacterSprite using Guid(c603d9f4f1c019b48a31619ecdbcb09f) Importer(815301076,1909f56bfc062723c751e8b465ee728b)  -> (artifact id: '0c25f0c333945aee692d66b9c4f62da1') in 0.010518 seconds 
  Import took 0.013351 seconds .

========================================================================
Received Import Request.
  Time since last request: 633.433219 seconds.
  path: Assets/prefab/UImanagerPrefab.prefab
  artifactKey: Guid(e76e32e4104fbdc4bba537aeb1545f09) Importer(815301076,1909f56bfc062723c751e8b465ee728b)
Start importing Assets/prefab/UImanagerPrefab.prefab using Guid(e76e32e4104fbdc4bba537aeb1545f09) Importer(815301076,1909f56bfc062723c751e8b465ee728b)  -> (artifact id: 'b6151a580e730e34687d0d9d280be7e6') in 0.038837 seconds 
  Import took 0.042514 seconds .

========================================================================
Received Import Request.
  Time since last request: 2.641202 seconds.
  path: Assets/prefab/UImanagerPrefab.prefab
  artifactKey: Guid(e76e32e4104fbdc4bba537aeb1545f09) Importer(815301076,1909f56bfc062723c751e8b465ee728b)
Start importing Assets/prefab/UImanagerPrefab.prefab using Guid(e76e32e4104fbdc4bba537aeb1545f09) Importer(815301076,1909f56bfc062723c751e8b465ee728b)  -> (artifact id: '82b3c26ec1f9e303055d31bccb410d11') in 0.046334 seconds 
  Import took 0.050075 seconds .

========================================================================
Received Import Request.
  Time since last request: 2.313742 seconds.
  path: Assets/prefab/UImanagerPrefab.prefab
  artifactKey: Guid(e76e32e4104fbdc4bba537aeb1545f09) Importer(815301076,1909f56bfc062723c751e8b465ee728b)
Start importing Assets/prefab/UImanagerPrefab.prefab using Guid(e76e32e4104fbdc4bba537aeb1545f09) Importer(815301076,1909f56bfc062723c751e8b465ee728b)  -> (artifact id: '261d39e1832297f86516c7baab6b6a05') in 0.037805 seconds 
  Import took 0.041053 seconds .

========================================================================
Received Import Request.
  Time since last request: 5.407290 seconds.
  path: Assets/prefab/UImanagerPrefab.prefab
  artifactKey: Guid(e76e32e4104fbdc4bba537aeb1545f09) Importer(815301076,1909f56bfc062723c751e8b465ee728b)
Start importing Assets/prefab/UImanagerPrefab.prefab using Guid(e76e32e4104fbdc4bba537aeb1545f09) Importer(815301076,1909f56bfc062723c751e8b465ee728b)  -> (artifact id: '11a096569fb7e48d26e11130350dcde5') in 0.048899 seconds 
  Import took 0.052241 seconds .

========================================================================
Received Import Request.
  Time since last request: 1348.323561 seconds.
  path: Assets/prefab/ChoixPrefab.prefab
  artifactKey: Guid(65edb0eb54e5595468c20fb7279936c9) Importer(815301076,1909f56bfc062723c751e8b465ee728b)
Start importing Assets/prefab/ChoixPrefab.prefab using Guid(65edb0eb54e5595468c20fb7279936c9) Importer(815301076,1909f56bfc062723c751e8b465ee728b)  -> (artifact id: '5824bbb474211b73d29b7e72eb2119ae') in 0.015127 seconds 
  Import took 0.018273 seconds .

========================================================================
Received Import Request.
  Time since last request: 0.000233 seconds.
  path: Assets/prefab/UImanagerPrefab.prefab
  artifactKey: Guid(e76e32e4104fbdc4bba537aeb1545f09) Importer(815301076,1909f56bfc062723c751e8b465ee728b)
Start importing Assets/prefab/UImanagerPrefab.prefab using Guid(e76e32e4104fbdc4bba537aeb1545f09) Importer(815301076,1909f56bfc062723c751e8b465ee728b)  -> (artifact id: '94eca06af9db9082dcdfe5ed1492b8de') in 0.025725 seconds 
  Import took 0.028301 seconds .

========================================================================
Received Import Request.
  Time since last request: 0.164458 seconds.
  path: Assets/prefab/UImanagerPrefab.prefab
  artifactKey: Guid(e76e32e4104fbdc4bba537aeb1545f09) Importer(815301076,1909f56bfc062723c751e8b465ee728b)
Start importing Assets/prefab/UImanagerPrefab.prefab using Guid(e76e32e4104fbdc4bba537aeb1545f09) Importer(815301076,1909f56bfc062723c751e8b465ee728b)  -> (artifact id: '585ee068af6689584206c8736c467b22') in 0.024990 seconds 
  Import took 0.028169 seconds .

========================================================================
Received Import Request.
  Time since last request: 5.321326 seconds.
  path: Assets/prefab/ChoixPrefab.prefab
  artifactKey: Guid(65edb0eb54e5595468c20fb7279936c9) Importer(815301076,1909f56bfc062723c751e8b465ee728b)
Start importing Assets/prefab/ChoixPrefab.prefab using Guid(65edb0eb54e5595468c20fb7279936c9) Importer(815301076,1909f56bfc062723c751e8b465ee728b)  -> (artifact id: '48d630a22f379891a1feff029289c98f') in 0.015613 seconds 
  Import took 0.018884 seconds .

========================================================================
Received Import Request.
  Time since last request: 0.000266 seconds.
  path: Assets/prefab/UImanagerPrefab.prefab
  artifactKey: Guid(e76e32e4104fbdc4bba537aeb1545f09) Importer(815301076,1909f56bfc062723c751e8b465ee728b)
Start importing Assets/prefab/UImanagerPrefab.prefab using Guid(e76e32e4104fbdc4bba537aeb1545f09) Importer(815301076,1909f56bfc062723c751e8b465ee728b)  -> (artifact id: 'b4bce69c79445ab92f870523df7f2a6e') in 0.022553 seconds 
  Import took 0.025117 seconds .

========================================================================
Received Import Request.
  Time since last request: 18.241685 seconds.
  path: Assets/prefab/UImanagerPrefab.prefab
  artifactKey: Guid(e76e32e4104fbdc4bba537aeb1545f09) Importer(815301076,1909f56bfc062723c751e8b465ee728b)
Start importing Assets/prefab/UImanagerPrefab.prefab using Guid(e76e32e4104fbdc4bba537aeb1545f09) Importer(815301076,1909f56bfc062723c751e8b465ee728b)  -> (artifact id: '99c1c734dcce458a8ca7148509c3d50f') in 0.024872 seconds 
  Import took 0.028319 seconds .

========================================================================
Received Import Request.
  Time since last request: 5.639434 seconds.
  path: Assets/prefab/UImanagerPrefab.prefab
  artifactKey: Guid(e76e32e4104fbdc4bba537aeb1545f09) Importer(815301076,1909f56bfc062723c751e8b465ee728b)
Start importing Assets/prefab/UImanagerPrefab.prefab using Guid(e76e32e4104fbdc4bba537aeb1545f09) Importer(815301076,1909f56bfc062723c751e8b465ee728b)  -> (artifact id: '559d690c2a1fc14cac50eaaaaf905bb2') in 0.025267 seconds 
  Import took 0.029080 seconds .

========================================================================
Received Import Request.
  Time since last request: 5.401599 seconds.
  path: Assets/prefab/UImanagerPrefab.prefab
  artifactKey: Guid(e76e32e4104fbdc4bba537aeb1545f09) Importer(815301076,1909f56bfc062723c751e8b465ee728b)
Start importing Assets/prefab/UImanagerPrefab.prefab using Guid(e76e32e4104fbdc4bba537aeb1545f09) Importer(815301076,1909f56bfc062723c751e8b465ee728b)  -> (artifact id: 'c31ccbd255e3fe96f15b35c355069433') in 0.028333 seconds 
  Import took 0.031073 seconds .

========================================================================
Received Import Request.
  Time since last request: 6.263336 seconds.
  path: Assets/prefab/UImanagerPrefab.prefab
  artifactKey: Guid(e76e32e4104fbdc4bba537aeb1545f09) Importer(815301076,1909f56bfc062723c751e8b465ee728b)
Start importing Assets/prefab/UImanagerPrefab.prefab using Guid(e76e32e4104fbdc4bba537aeb1545f09) Importer(815301076,1909f56bfc062723c751e8b465ee728b)  -> (artifact id: '494db75eaff3fafd74cf6f392902283e') in 0.023554 seconds 
  Import took 0.026461 seconds .

========================================================================
Received Import Request.
  Time since last request: 13.854219 seconds.
  path: Assets/prefab/UImanagerPrefab.prefab
  artifactKey: Guid(e76e32e4104fbdc4bba537aeb1545f09) Importer(815301076,1909f56bfc062723c751e8b465ee728b)
Start importing Assets/prefab/UImanagerPrefab.prefab using Guid(e76e32e4104fbdc4bba537aeb1545f09) Importer(815301076,1909f56bfc062723c751e8b465ee728b)  -> (artifact id: '94ad8b7be6c41430f0431720639a002b') in 0.022647 seconds 
  Import took 0.026069 seconds .

========================================================================
Received Import Request.
  Time since last request: 12.498181 seconds.
  path: Assets/prefab/UImanagerPrefab.prefab
  artifactKey: Guid(e76e32e4104fbdc4bba537aeb1545f09) Importer(815301076,1909f56bfc062723c751e8b465ee728b)
Start importing Assets/prefab/UImanagerPrefab.prefab using Guid(e76e32e4104fbdc4bba537aeb1545f09) Importer(815301076,1909f56bfc062723c751e8b465ee728b)  -> (artifact id: '6e6d4ff2e75cdf9931877499a4c9e369') in 0.026877 seconds 
  Import took 0.029628 seconds .

========================================================================
Received Import Request.
  Time since last request: 4.753635 seconds.
  path: Assets/prefab/UImanagerPrefab.prefab
  artifactKey: Guid(e76e32e4104fbdc4bba537aeb1545f09) Importer(815301076,1909f56bfc062723c751e8b465ee728b)
Start importing Assets/prefab/UImanagerPrefab.prefab using Guid(e76e32e4104fbdc4bba537aeb1545f09) Importer(815301076,1909f56bfc062723c751e8b465ee728b)  -> (artifact id: '33c3b40a60261d2bb2ff06d2ee075833') in 0.025665 seconds 
  Import took 0.028916 seconds .

========================================================================
Received Import Request.
  Time since last request: 7.479929 seconds.
  path: Assets/prefab/UImanagerPrefab.prefab
  artifactKey: Guid(e76e32e4104fbdc4bba537aeb1545f09) Importer(815301076,1909f56bfc062723c751e8b465ee728b)
Start importing Assets/prefab/UImanagerPrefab.prefab using Guid(e76e32e4104fbdc4bba537aeb1545f09) Importer(815301076,1909f56bfc062723c751e8b465ee728b)  -> (artifact id: '4428fc11ed2988cdef7c1e260e0e4d3b') in 0.027289 seconds 
  Import took 0.031440 seconds .

========================================================================
Received Import Request.
  Time since last request: 13.267961 seconds.
  path: Assets/prefab/UImanagerPrefab.prefab
  artifactKey: Guid(e76e32e4104fbdc4bba537aeb1545f09) Importer(815301076,1909f56bfc062723c751e8b465ee728b)
Start importing Assets/prefab/UImanagerPrefab.prefab using Guid(e76e32e4104fbdc4bba537aeb1545f09) Importer(815301076,1909f56bfc062723c751e8b465ee728b)  -> (artifact id: 'cd4a43e01517539d50f936d05aa8b894') in 0.025861 seconds 
  Import took 0.029601 seconds .

